0 info it worked if it ends with ok
1 verbose cli [ 'H:\\Program Files\\nodejs\\node.exe',
1 verbose cli   'C:\\Users\\rajesh\\AppData\\Roaming\\npm\\node_modules\\npm\\bin\\npm-cli.js',
1 verbose cli   'start' ]
2 info using npm@3.10.9
3 info using node@v8.10.0
4 verbose run-script [ 'prestart', 'start', 'poststart' ]
5 info lifecycle noticeboard@~prestart: noticeboard@
6 silly lifecycle noticeboard@~prestart: no script for prestart, continuing
7 info lifecycle noticeboard@~start: noticeboard@
8 verbose lifecycle noticeboard@~start: unsafe-perm in lifecycle true
9 verbose lifecycle noticeboard@~start: PATH: C:\Users\rajesh\AppData\Roaming\npm\node_modules\npm\bin\node-gyp-bin;H:\reactapp\node_modules\.bin;F:\oracle11g\app\oracle\product\11.2.0\server\bin;g:\oracle\product\10.2.0\db_2\bin;C:\Windows\SYSTEM32;C:\Windows;C:\Windows\SYSTEM32\WBEM;C:\Windows\SYSTEM32\WINDOWSPOWERSHELL\V1.0\;C:\PROGRAM FILES\RATIONAL\COMMON;C:\Program Files\Skype\Phone\;e:\Program Files\Git\cmd;H:\Program Files\nodejs\;D:\Users\rajesh\AppData\Local\Programs\Python\Python36-32d;C:\Users\rajesh\AppData\Roaming\npm
10 verbose lifecycle noticeboard@~start: CWD: H:\reactapp
11 silly lifecycle noticeboard@~start: Args: [ '/d /s /c',
11 silly lifecycle   'watchify ./index.js -v -t babelify -o bundle.js' ]
12 silly lifecycle noticeboard@~start: Returned: code: 1  signal: null
13 info lifecycle noticeboard@~start: Failed to exec start script
14 verbose stack Error: noticeboard@ start: `watchify ./index.js -v -t babelify -o bundle.js`
14 verbose stack Exit status 1
14 verbose stack     at EventEmitter.<anonymous> (C:\Users\rajesh\AppData\Roaming\npm\node_modules\npm\lib\utils\lifecycle.js:255:16)
14 verbose stack     at emitTwo (events.js:126:13)
14 verbose stack     at EventEmitter.emit (events.js:214:7)
14 verbose stack     at ChildProcess.<anonymous> (C:\Users\rajesh\AppData\Roaming\npm\node_modules\npm\lib\utils\spawn.js:40:14)
14 verbose stack     at emitTwo (events.js:126:13)
14 verbose stack     at ChildProcess.emit (events.js:214:7)
14 verbose stack     at maybeClose (internal/child_process.js:925:16)
14 verbose stack     at Process.ChildProcess._handle.onexit (internal/child_process.js:209:5)
15 verbose pkgid noticeboard@
16 verbose cwd H:\reactapp
17 error Windows_NT 6.1.7601
18 error argv "H:\\Program Files\\nodejs\\node.exe" "C:\\Users\\rajesh\\AppData\\Roaming\\npm\\node_modules\\npm\\bin\\npm-cli.js" "start"
19 error node v8.10.0
20 error npm  v3.10.9
21 error code ELIFECYCLE
22 error noticeboard@ start: `watchify ./index.js -v -t babelify -o bundle.js`
22 error Exit status 1
23 error Failed at the noticeboard@ start script 'watchify ./index.js -v -t babelify -o bundle.js'.
23 error Make sure you have the latest version of node.js and npm installed.
23 error If you do, this is most likely a problem with the noticeboard package,
23 error not with npm itself.
23 error Tell the author that this fails on your system:
23 error     watchify ./index.js -v -t babelify -o bundle.js
23 error You can get information on how to open an issue for this project with:
23 error     npm bugs noticeboard
23 error Or if that isn't available, you can get their info via:
23 error     npm owner ls noticeboard
23 error There is likely additional logging output above.
24 verbose exit [ 1, true ]
