0 info it worked if it ends with ok
1 verbose cli [ 'H:\\Program Files\\nodejs\\node.exe',
1 verbose cli   'C:\\Users\\rajesh\\AppData\\Roaming\\npm\\node_modules\\npm\\bin\\npm-cli.js',
1 verbose cli   'start' ]
2 info using npm@3.10.9
3 info using node@v8.10.0
4 verbose run-script [ 'prestart', 'start', 'poststart' ]
5 info lifecycle reactapp@1.0.0~prestart: reactapp@1.0.0
6 silly lifecycle reactapp@1.0.0~prestart: no script for prestart, continuing
7 info lifecycle reactapp@1.0.0~start: reactapp@1.0.0
8 verbose lifecycle reactapp@1.0.0~start: unsafe-perm in lifecycle true
9 verbose lifecycle reactapp@1.0.0~start: PATH: C:\Users\rajesh\AppData\Roaming\npm\node_modules\npm\bin\node-gyp-bin;H:\reactapp\node_modules\.bin;F:\oracle11g\app\oracle\product\11.2.0\server\bin;g:\oracle\product\10.2.0\db_2\bin;C:\Windows\SYSTEM32;C:\Windows;C:\Windows\SYSTEM32\WBEM;C:\Windows\SYSTEM32\WINDOWSPOWERSHELL\V1.0\;C:\PROGRAM FILES\RATIONAL\COMMON;H:\Program Files\nodejs\;C:\Program Files\Skype\Phone\;e:\Program Files\Git\cmd;D:\Users\rajesh\AppData\Local\Programs\Python\Python36-32d;C:\Users\rajesh\AppData\Roaming\npm
10 verbose lifecycle reactapp@1.0.0~start: CWD: H:\reactapp
11 silly lifecycle reactapp@1.0.0~start: Args: [ '/d /s /c', 'webpack-dev-server --hot' ]
12 silly lifecycle reactapp@1.0.0~start: Returned: code: 1  signal: null
13 info lifecycle reactapp@1.0.0~start: Failed to exec start script
14 verbose stack Error: reactapp@1.0.0 start: `webpack-dev-server --hot`
14 verbose stack Exit status 1
14 verbose stack     at EventEmitter.<anonymous> (C:\Users\rajesh\AppData\Roaming\npm\node_modules\npm\lib\utils\lifecycle.js:255:16)
14 verbose stack     at emitTwo (events.js:126:13)
14 verbose stack     at EventEmitter.emit (events.js:214:7)
14 verbose stack     at ChildProcess.<anonymous> (C:\Users\rajesh\AppData\Roaming\npm\node_modules\npm\lib\utils\spawn.js:40:14)
14 verbose stack     at emitTwo (events.js:126:13)
14 verbose stack     at ChildProcess.emit (events.js:214:7)
14 verbose stack     at maybeClose (internal/child_process.js:925:16)
14 verbose stack     at Process.ChildProcess._handle.onexit (internal/child_process.js:209:5)
15 verbose pkgid reactapp@1.0.0
16 verbose cwd H:\reactapp
17 error Windows_NT 6.1.7601
18 error argv "H:\\Program Files\\nodejs\\node.exe" "C:\\Users\\rajesh\\AppData\\Roaming\\npm\\node_modules\\npm\\bin\\npm-cli.js" "start"
19 error node v8.10.0
20 error npm  v3.10.9
21 error code ELIFECYCLE
22 error reactapp@1.0.0 start: `webpack-dev-server --hot`
22 error Exit status 1
23 error Failed at the reactapp@1.0.0 start script 'webpack-dev-server --hot'.
23 error Make sure you have the latest version of node.js and npm installed.
23 error If you do, this is most likely a problem with the reactapp package,
23 error not with npm itself.
23 error Tell the author that this fails on your system:
23 error     webpack-dev-server --hot
23 error You can get information on how to open an issue for this project with:
23 error     npm bugs reactapp
23 error Or if that isn't available, you can get their info via:
23 error     npm owner ls reactapp
23 error There is likely additional logging output above.
24 verbose exit [ 1, true ]
